<?xml version="1.0" encoding="UTF-8"?>
<!-- Generated by org.testng.reporters.JUnitReportReporter -->
<testsuite hostname="LAPTOP-6T67O2R4" failures="0" tests="1" name="tests.XyzbankTest" time="5.037" errors="0" timestamp="2024-08-15T15:54:35 IST" skipped="0">
  <testcase classname="tests.XyzbankTest" name="openAccountWithBankerLogin" time="5.037"/>
</testsuite> <!-- tests.XyzbankTest -->
